<?xml version="1.0" encoding="UTF-8"?>
<!-- Generated by org.testng.reporters.JUnitReportReporter -->
<testsuite skipped="0" hostname="LAPTOP-45MJ35M6" name="listofwebelement.listofwebelements.Testirctclogin" tests="1" failures="0" timestamp="2020-07-29T17:35:28 IST" time="16.625" errors="0">
  <testcase name="login" time="16.625" classname="listofwebelement.listofwebelements.Testirctclogin"/>
  <system-out/>
</testsuite> <!-- listofwebelement.listofwebelements.Testirctclogin -->
