<?xml version="1.0" encoding="UTF-8"?>
<!-- Generated by org.testng.reporters.JUnitReportReporter -->
<testsuite skipped="0" hostname="LAPTOP-45MJ35M6" name="listofwebelement.listofwebelements.LoginUsingSelenium" tests="1" failures="0" timestamp="2020-07-29T17:21:10 IST" time="9.856" errors="0">
  <testcase name="login" time="9.856" classname="listofwebelement.listofwebelements.LoginUsingSelenium"/>
  <system-out/>
</testsuite> <!-- listofwebelement.listofwebelements.LoginUsingSelenium -->
